2025-09-25T08:31:25.466789200	JavaFX Application Thread	---------- Logging instantiated for BBE Version 1.6.0 ----------
2025-09-25T08:31:25.456815500	JavaFX Application Thread	LibPath: C:\Program Files\BlueJ\lib
2025-09-25T08:31:25.502695500	JavaFX Application Thread	ProjectPath: H:\Eigene Dateien\_Meine\03_Informatik\12_Info G9\Mensa Warteschlange
2025-09-25T08:31:25.518655	JavaFX Application Thread	H:\Eigene Dateien\_Meine\03_Informatik\12_Info G9\Mensa Warteschlange\Blockly\BBE.ini is no valid ini file.
2025-09-25T08:31:25.564527300	JavaFX Application Thread	Key: Logging
2025-09-25T08:31:25.577490700	JavaFX Application Thread	Key: active Value: false
2025-09-25T08:31:25.581480800	JavaFX Application Thread	Key: Paths
2025-09-25T08:31:25.586484800	JavaFX Application Thread	Key: blocklyHtmlPath Value: /Blockly/index.html
2025-09-25T08:31:25.592453700	JavaFX Application Thread	Key: jcefBundlePath Value: C:/Users/Public/jcef-bundle/
2025-09-26T13:54:40.866442100	JavaFX Application Thread	---------- Logging instantiated for BBE Version 1.6.0 ----------
2025-09-26T13:54:40.853477300	JavaFX Application Thread	LibPath: C:\Program Files\BlueJ\lib
2025-09-26T13:54:40.889379100	JavaFX Application Thread	ProjectPath: H:\Eigene Dateien\_Meine\03_Informatik\12_Info\Mensa Warteschlange
2025-09-26T13:54:40.898360200	JavaFX Application Thread	H:\Eigene Dateien\_Meine\03_Informatik\12_Info\Mensa Warteschlange\Blockly\BBE.ini is no valid ini file.
2025-09-26T13:54:40.939245700	JavaFX Application Thread	Key: Logging
2025-09-26T13:54:40.945230600	JavaFX Application Thread	Key: active Value: false
2025-09-26T13:54:40.950216800	JavaFX Application Thread	Key: Paths
2025-09-26T13:54:40.954205500	JavaFX Application Thread	Key: blocklyHtmlPath Value: /Blockly/index.html
2025-09-26T13:54:40.958194300	JavaFX Application Thread	Key: jcefBundlePath Value: C:/Users/Public/jcef-bundle/
2025-09-30T08:21:37.251614100	JavaFX Application Thread	---------- Logging instantiated for BBE Version 1.6.0 ----------
2025-09-30T08:21:37.243627800	JavaFX Application Thread	LibPath: C:\Program Files\BlueJ\lib
2025-09-30T08:21:37.262592400	JavaFX Application Thread	ProjectPath: H:\Eigene Dateien\_Meine\03_Informatik\12_Info\K2_Listen\Mensa Warteschlange
2025-09-30T08:21:37.268585600	JavaFX Application Thread	H:\Eigene Dateien\_Meine\03_Informatik\12_Info\K2_Listen\Mensa Warteschlange\Blockly\BBE.ini is no valid ini file.
2025-09-30T08:21:37.326406200	JavaFX Application Thread	Key: Logging
2025-09-30T08:21:37.336382500	JavaFX Application Thread	Key: active Value: false
2025-09-30T08:21:37.350349600	JavaFX Application Thread	Key: Paths
2025-09-30T08:21:37.367302500	JavaFX Application Thread	Key: blocklyHtmlPath Value: /Blockly/index.html
2025-09-30T08:21:37.374282100	JavaFX Application Thread	Key: jcefBundlePath Value: C:/Users/Public/jcef-bundle/
2025-09-30T09:05:13.955118500	JavaFX Application Thread	---------- Logging instantiated for BBE Version 1.6.0 ----------
2025-09-30T09:05:13.939160	JavaFX Application Thread	LibPath: C:\Program Files\BlueJ\lib
2025-09-30T09:05:13.980057700	JavaFX Application Thread	ProjectPath: H:\Eigene Dateien\_Meine\03_Informatik\12_Info\K2_Listen\Mensa Liste
2025-09-30T09:05:13.989025900	JavaFX Application Thread	H:\Eigene Dateien\_Meine\03_Informatik\12_Info\K2_Listen\Mensa Liste\Blockly\BBE.ini is no valid ini file.
2025-09-30T09:05:14.027922900	JavaFX Application Thread	Key: Logging
2025-09-30T09:05:14.049869200	JavaFX Application Thread	Key: active Value: false
2025-09-30T09:05:14.057840700	JavaFX Application Thread	Key: Paths
2025-09-30T09:05:14.073798	JavaFX Application Thread	Key: jcefBundlePath Value: C:/Users/Public/jcef-bundle/
2025-09-30T09:05:14.087773200	JavaFX Application Thread	Key: blocklyHtmlPath Value: /Blockly/index.html
2025-10-02T08:03:21.438043400	JavaFX Application Thread	---------- Logging instantiated for BBE Version 1.6.0 ----------
2025-10-02T08:03:21.432096100	JavaFX Application Thread	LibPath: C:\Program Files\BlueJ\lib
2025-10-02T08:03:21.461840500	JavaFX Application Thread	ProjectPath: H:\Eigene Dateien\_Meine\03_Informatik\12_Info\K2_Listen\Mensa Liste
2025-10-02T08:03:21.466786500	JavaFX Application Thread	H:\Eigene Dateien\_Meine\03_Informatik\12_Info\K2_Listen\Mensa Liste\Blockly\BBE.ini is no valid ini file.
2025-10-02T08:03:21.510396900	JavaFX Application Thread	Key: Logging
2025-10-02T08:03:21.514360800	JavaFX Application Thread	Key: active Value: false
2025-10-02T08:03:21.517334500	JavaFX Application Thread	Key: Paths
2025-10-02T08:03:21.522299300	JavaFX Application Thread	Key: blocklyHtmlPath Value: /Blockly/index.html
2025-10-02T08:03:21.527245900	JavaFX Application Thread	Key: jcefBundlePath Value: C:/Users/Public/jcef-bundle/
2025-10-02T09:26:48.004659100	JavaFX Application Thread	---------- Logging instantiated for BBE Version 1.6.0 ----------
2025-10-02T09:26:47.987694900	JavaFX Application Thread	LibPath: C:\Program Files\BlueJ\lib
2025-10-02T09:26:48.024598900	JavaFX Application Thread	ProjectPath: H:\Eigene Dateien\_Meine\03_Informatik\12_Info\K2_Listen\Mensa Liste
2025-10-02T09:26:48.039571300	JavaFX Application Thread	H:\Eigene Dateien\_Meine\03_Informatik\12_Info\K2_Listen\Mensa Liste\Blockly\BBE.ini is no valid ini file.
2025-10-02T09:26:48.105388700	JavaFX Application Thread	Key: Logging
2025-10-02T09:26:48.125335	JavaFX Application Thread	Key: active Value: false
2025-10-02T09:26:48.135299900	JavaFX Application Thread	Key: Paths
2025-10-02T09:26:48.142282300	JavaFX Application Thread	Key: jcefBundlePath Value: C:/Users/Public/jcef-bundle/
2025-10-02T09:26:48.149261700	JavaFX Application Thread	Key: blocklyHtmlPath Value: /Blockly/index.html
2025-10-02T09:28:03.582131100	JavaFX Application Thread	---------- Logging instantiated for BBE Version 1.6.0 ----------
2025-10-02T09:28:03.560169600	JavaFX Application Thread	LibPath: C:\Program Files\BlueJ\lib
2025-10-02T09:28:03.594080200	JavaFX Application Thread	ProjectPath: H:\Eigene Dateien\_Meine\03_Informatik\12_Info\K2_Listen\Mensa Liste
2025-10-02T09:28:03.600061600	JavaFX Application Thread	H:\Eigene Dateien\_Meine\03_Informatik\12_Info\K2_Listen\Mensa Liste\Blockly\BBE.ini is no valid ini file.
2025-10-02T09:28:03.643953300	JavaFX Application Thread	Key: Logging
2025-10-02T09:28:03.650930400	JavaFX Application Thread	Key: active Value: false
2025-10-02T09:28:03.656915800	JavaFX Application Thread	Key: Paths
2025-10-02T09:28:03.663892200	JavaFX Application Thread	Key: jcefBundlePath Value: C:/Users/Public/jcef-bundle/
2025-10-02T09:28:03.666882400	JavaFX Application Thread	Key: blocklyHtmlPath Value: /Blockly/index.html
2025-10-02T09:29:01.782852600	JavaFX Application Thread	---------- Logging instantiated for BBE Version 1.6.0 ----------
2025-10-02T09:29:01.769886900	JavaFX Application Thread	LibPath: C:\Program Files\BlueJ\lib
2025-10-02T09:29:01.803798500	JavaFX Application Thread	ProjectPath: H:\Eigene Dateien\_Meine\03_Informatik\12_Info\K2_Listen\Mensa Liste
2025-10-02T09:29:01.816764500	JavaFX Application Thread	H:\Eigene Dateien\_Meine\03_Informatik\12_Info\K2_Listen\Mensa Liste\Blockly\BBE.ini is no valid ini file.
2025-10-02T09:29:01.875602100	JavaFX Application Thread	Key: Logging
2025-10-02T09:29:01.882584600	JavaFX Application Thread	Key: active Value: false
2025-10-02T09:29:01.896547	JavaFX Application Thread	Key: Paths
2025-10-02T09:29:01.900535500	JavaFX Application Thread	Key: blocklyHtmlPath Value: /Blockly/index.html
2025-10-02T09:29:01.907519500	JavaFX Application Thread	Key: jcefBundlePath Value: C:/Users/Public/jcef-bundle/
2025-10-07T08:13:11.333396900	JavaFX Application Thread	---------- Logging instantiated for BBE Version 1.6.0 ----------
2025-10-07T08:13:11.326416600	JavaFX Application Thread	LibPath: C:\Program Files\BlueJ\lib
2025-10-07T08:13:11.346361900	JavaFX Application Thread	ProjectPath: H:\Eigene Dateien\_Meine\03_Informatik\12_Info\K2_Listen\Mensa Liste_2_10
2025-10-07T08:13:11.350359400	JavaFX Application Thread	H:\Eigene Dateien\_Meine\03_Informatik\12_Info\K2_Listen\Mensa Liste_2_10\Blockly\BBE.ini is no valid ini file.
2025-10-07T08:13:11.390253500	JavaFX Application Thread	Key: Logging
2025-10-07T08:13:11.395232300	JavaFX Application Thread	Key: active Value: false
2025-10-07T08:13:11.397227200	JavaFX Application Thread	Key: Paths
2025-10-07T08:13:11.399220400	JavaFX Application Thread	Key: blocklyHtmlPath Value: /Blockly/index.html
2025-10-07T08:13:11.402213100	JavaFX Application Thread	Key: jcefBundlePath Value: C:/Users/Public/jcef-bundle/
2025-10-10T13:30:25.107961800	JavaFX Application Thread	---------- Logging instantiated for BBE Version 1.6.0 ----------
2025-10-10T13:30:25.088020400	JavaFX Application Thread	LibPath: C:\Program Files\BlueJ\lib
2025-10-10T13:30:25.117928100	JavaFX Application Thread	ProjectPath: H:\Eigene Dateien\_Meine\03_Informatik\12_Info\K2_Listen\Mensa Liste Kompositum
2025-10-10T13:30:25.121917500	JavaFX Application Thread	H:\Eigene Dateien\_Meine\03_Informatik\12_Info\K2_Listen\Mensa Liste Kompositum\Blockly\BBE.ini is no valid ini file.
2025-10-10T13:30:25.175776700	JavaFX Application Thread	Key: Logging
2025-10-10T13:30:25.182756100	JavaFX Application Thread	Key: active Value: false
2025-10-10T13:30:25.185747400	JavaFX Application Thread	Key: Paths
2025-10-10T13:30:25.189737400	JavaFX Application Thread	Key: jcefBundlePath Value: C:/Users/Public/jcef-bundle/
2025-10-10T13:30:25.194738800	JavaFX Application Thread	Key: blocklyHtmlPath Value: /Blockly/index.html
