2025-12-02T08:13:17.614344500	JavaFX Application Thread	---------- Logging instantiated for BBE Version 1.6.0 ----------
2025-12-02T08:13:17.580431300	JavaFX Application Thread	LibPath: C:\Program Files\BlueJ\lib
2025-12-02T08:13:17.637298500	JavaFX Application Thread	ProjectPath: R:\gy0187\klassen\gy0187-klasse12g9\Vorlagen\Informatik\K3_1_A00_Vorl_Java_BlueJ_Kurve
2025-12-02T08:13:17.651256500	JavaFX Application Thread	R:\gy0187\klassen\gy0187-klasse12g9\Vorlagen\Informatik\K3_1_A00_Vorl_Java_BlueJ_Kurve\Blockly\BBE.ini is no valid ini file.
2025-12-02T08:13:17.708091300	JavaFX Application Thread	Key: Logging
2025-12-02T08:13:17.727039200	JavaFX Application Thread	Key: active Value: false
2025-12-02T08:13:17.772920300	JavaFX Application Thread	Key: Paths
2025-12-02T08:13:17.817802	JavaFX Application Thread	Key: jcefBundlePath Value: C:/Users/Public/jcef-bundle/
2025-12-02T08:13:17.824778400	JavaFX Application Thread	Key: blocklyHtmlPath Value: /Blockly/index.html
2025-12-02T08:19:10.960712700	JavaFX Application Thread	---------- Logging instantiated for BBE Version 1.7 ----------
2025-12-02T08:19:10.972669900	JavaFX Application Thread	LibPath: C:\Program Files\BlueJ\lib
2025-12-02T08:19:10.974663700	JavaFX Application Thread	ProjectPath: H:\Eigene Dateien\Downloads\K3_1_A00_Vorl_Java_BlueJ_Kurve
2025-12-02T08:19:10.980654300	JavaFX Application Thread	H:\Eigene Dateien\Downloads\K3_1_A00_Vorl_Java_BlueJ_Kurve\Blockly\BBE.ini is no valid ini file.
2025-12-02T08:19:11.020539	JavaFX Application Thread	Key: Logging
2025-12-02T08:19:11.025524500	JavaFX Application Thread	Key: active Value: false
2025-12-02T08:19:11.030515100	JavaFX Application Thread	Key: Paths
2025-12-02T08:19:11.034498900	JavaFX Application Thread	Key: jcefBundlePath Value: C:/Users/Public/jcef-bundle/
2025-12-02T08:19:11.037490200	JavaFX Application Thread	Key: blocklyHtmlPath Value: /Blockly/index.html
2025-12-04T08:05:57.343901300	JavaFX Application Thread	---------- Logging instantiated for BBE Version 1.7 ----------
2025-12-04T08:05:57.355823600	JavaFX Application Thread	LibPath: C:\Program Files\BlueJ\lib
2025-12-04T08:05:57.356817	JavaFX Application Thread	ProjectPath: H:\Eigene Dateien\Downloads\K3_1_A00_Vorl_Java_BlueJ_Kurve
2025-12-04T08:05:57.361790	JavaFX Application Thread	H:\Eigene Dateien\Downloads\K3_1_A00_Vorl_Java_BlueJ_Kurve\Blockly\BBE.ini is no valid ini file.
2025-12-04T08:05:57.398553400	JavaFX Application Thread	Key: Logging
2025-12-04T08:05:57.402529100	JavaFX Application Thread	Key: active Value: false
2025-12-04T08:05:57.405509900	JavaFX Application Thread	Key: Paths
2025-12-04T08:05:57.407496700	JavaFX Application Thread	Key: blocklyHtmlPath Value: /Blockly/index.html
2025-12-04T08:05:57.411486100	JavaFX Application Thread	Key: jcefBundlePath Value: C:/Users/Public/jcef-bundle/
