2025-09-25T08:31:25.466789200	JavaFX Application Thread	---------- Logging instantiated for BBE Version 1.6.0 ----------
2025-09-25T08:31:25.456815500	JavaFX Application Thread	LibPath: C:\Program Files\BlueJ\lib
2025-09-25T08:31:25.502695500	JavaFX Application Thread	ProjectPath: H:\Eigene Dateien\_Meine\03_Informatik\12_Info G9\Mensa Warteschlange
2025-09-25T08:31:25.518655	JavaFX Application Thread	H:\Eigene Dateien\_Meine\03_Informatik\12_Info G9\Mensa Warteschlange\Blockly\BBE.ini is no valid ini file.
2025-09-25T08:31:25.564527300	JavaFX Application Thread	Key: Logging
2025-09-25T08:31:25.577490700	JavaFX Application Thread	Key: active Value: false
2025-09-25T08:31:25.581480800	JavaFX Application Thread	Key: Paths
2025-09-25T08:31:25.586484800	JavaFX Application Thread	Key: blocklyHtmlPath Value: /Blockly/index.html
2025-09-25T08:31:25.592453700	JavaFX Application Thread	Key: jcefBundlePath Value: C:/Users/Public/jcef-bundle/
2025-09-26T13:54:40.866442100	JavaFX Application Thread	---------- Logging instantiated for BBE Version 1.6.0 ----------
2025-09-26T13:54:40.853477300	JavaFX Application Thread	LibPath: C:\Program Files\BlueJ\lib
2025-09-26T13:54:40.889379100	JavaFX Application Thread	ProjectPath: H:\Eigene Dateien\_Meine\03_Informatik\12_Info\Mensa Warteschlange
2025-09-26T13:54:40.898360200	JavaFX Application Thread	H:\Eigene Dateien\_Meine\03_Informatik\12_Info\Mensa Warteschlange\Blockly\BBE.ini is no valid ini file.
2025-09-26T13:54:40.939245700	JavaFX Application Thread	Key: Logging
2025-09-26T13:54:40.945230600	JavaFX Application Thread	Key: active Value: false
2025-09-26T13:54:40.950216800	JavaFX Application Thread	Key: Paths
2025-09-26T13:54:40.954205500	JavaFX Application Thread	Key: blocklyHtmlPath Value: /Blockly/index.html
2025-09-26T13:54:40.958194300	JavaFX Application Thread	Key: jcefBundlePath Value: C:/Users/Public/jcef-bundle/
2025-09-30T08:21:37.251614100	JavaFX Application Thread	---------- Logging instantiated for BBE Version 1.6.0 ----------
2025-09-30T08:21:37.243627800	JavaFX Application Thread	LibPath: C:\Program Files\BlueJ\lib
2025-09-30T08:21:37.262592400	JavaFX Application Thread	ProjectPath: H:\Eigene Dateien\_Meine\03_Informatik\12_Info\K2_Listen\Mensa Warteschlange
2025-09-30T08:21:37.268585600	JavaFX Application Thread	H:\Eigene Dateien\_Meine\03_Informatik\12_Info\K2_Listen\Mensa Warteschlange\Blockly\BBE.ini is no valid ini file.
2025-09-30T08:21:37.326406200	JavaFX Application Thread	Key: Logging
2025-09-30T08:21:37.336382500	JavaFX Application Thread	Key: active Value: false
2025-09-30T08:21:37.350349600	JavaFX Application Thread	Key: Paths
2025-09-30T08:21:37.367302500	JavaFX Application Thread	Key: blocklyHtmlPath Value: /Blockly/index.html
2025-09-30T08:21:37.374282100	JavaFX Application Thread	Key: jcefBundlePath Value: C:/Users/Public/jcef-bundle/
2025-09-30T09:01:59.299749400	JavaFX Application Thread	---------- Logging instantiated for BBE Version 1.7 ----------
2025-09-30T09:01:59.312714100	JavaFX Application Thread	LibPath: C:\Program Files\BlueJ\lib
2025-09-30T09:01:59.313711	JavaFX Application Thread	ProjectPath: H:\Eigene Dateien\Downloads\Mensa Liste
2025-09-30T09:01:59.319700500	JavaFX Application Thread	H:\Eigene Dateien\Downloads\Mensa Liste\Blockly\BBE.ini is no valid ini file.
2025-09-30T09:01:59.356604600	JavaFX Application Thread	Key: Logging
2025-09-30T09:01:59.361584	JavaFX Application Thread	Key: active Value: false
2025-09-30T09:01:59.364576100	JavaFX Application Thread	Key: Paths
2025-09-30T09:01:59.368564800	JavaFX Application Thread	Key: jcefBundlePath Value: C:/Users/Public/jcef-bundle/
2025-09-30T09:01:59.374549	JavaFX Application Thread	Key: blocklyHtmlPath Value: /Blockly/index.html
